<?xml version="1.0" encoding="UTF-8"?>
<testsuite xmlns:xsi="http://www.w3.org/2001/XMLSchema-instance" xsi:noNamespaceSchemaLocation="https://maven.apache.org/surefire/maven-surefire-plugin/xsd/surefire-test-report.xsd" name="TestSuite" time="6.89" tests="52" errors="0" skipped="0" failures="0">
  <properties>
    <property name="sun.desktop" value="windows"/>
    <property name="awt.toolkit" value="sun.awt.windows.WToolkit"/>
    <property name="java.specification.version" value="11"/>
    <property name="sun.cpu.isalist" value="amd64"/>
    <property name="sun.jnu.encoding" value="Cp1252"/>
    <property name="java.class.path" value="C:\Users\vuksi\IdeaProjects\ReqResAPITest_Project\target\test-classes;C:\Users\vuksi\IdeaProjects\ReqResAPITest_Project\target\classes;C:\Users\vuksi\.m2\repository\io\rest-assured\rest-assured\4.3.0\rest-assured-4.3.0.jar;C:\Users\vuksi\.m2\repository\org\codehaus\groovy\groovy\3.0.2\groovy-3.0.2.jar;C:\Users\vuksi\.m2\repository\org\codehaus\groovy\groovy-xml\3.0.2\groovy-xml-3.0.2.jar;C:\Users\vuksi\.m2\repository\org\apache\httpcomponents\httpclient\4.5.3\httpclient-4.5.3.jar;C:\Users\vuksi\.m2\repository\org\apache\httpcomponents\httpcore\4.4.6\httpcore-4.4.6.jar;C:\Users\vuksi\.m2\repository\commons-logging\commons-logging\1.2\commons-logging-1.2.jar;C:\Users\vuksi\.m2\repository\commons-codec\commons-codec\1.9\commons-codec-1.9.jar;C:\Users\vuksi\.m2\repository\org\apache\httpcomponents\httpmime\4.5.3\httpmime-4.5.3.jar;C:\Users\vuksi\.m2\repository\org\hamcrest\hamcrest\2.1\hamcrest-2.1.jar;C:\Users\vuksi\.m2\repository\org\ccil\cowan\tagsoup\tagsoup\1.2.1\tagsoup-1.2.1.jar;C:\Users\vuksi\.m2\repository\io\rest-assured\json-path\4.3.0\json-path-4.3.0.jar;C:\Users\vuksi\.m2\repository\org\codehaus\groovy\groovy-json\3.0.2\groovy-json-3.0.2.jar;C:\Users\vuksi\.m2\repository\io\rest-assured\rest-assured-common\4.3.0\rest-assured-common-4.3.0.jar;C:\Users\vuksi\.m2\repository\io\rest-assured\xml-path\4.3.0\xml-path-4.3.0.jar;C:\Users\vuksi\.m2\repository\org\apache\commons\commons-lang3\3.4\commons-lang3-3.4.jar;C:\Users\vuksi\.m2\repository\jakarta\xml\bind\jakarta.xml.bind-api\2.3.2\jakarta.xml.bind-api-2.3.2.jar;C:\Users\vuksi\.m2\repository\jakarta\activation\jakarta.activation-api\1.2.1\jakarta.activation-api-1.2.1.jar;C:\Users\vuksi\.m2\repository\com\sun\xml\bind\jaxb-osgi\2.3.0.1\jaxb-osgi-2.3.0.1.jar;C:\Users\vuksi\.m2\repository\org\apache\sling\org.apache.sling.javax.activation\0.1.0\org.apache.sling.javax.activation-0.1.0.jar;C:\Users\vuksi\.m2\repository\javax\activation\activation\1.1.1\activation-1.1.1.jar;C:\Users\vuksi\.m2\repository\com\googlecode\json-simple\json-simple\1.1.1\json-simple-1.1.1.jar;C:\Users\vuksi\.m2\repository\junit\junit\4.10\junit-4.10.jar;C:\Users\vuksi\.m2\repository\org\hamcrest\hamcrest-core\1.1\hamcrest-core-1.1.jar;C:\Users\vuksi\.m2\repository\org\testng\testng\7.4.0\testng-7.4.0.jar;C:\Users\vuksi\.m2\repository\com\beust\jcommander\1.78\jcommander-1.78.jar;C:\Users\vuksi\.m2\repository\org\webjars\jquery\3.5.1\jquery-3.5.1.jar;"/>
    <property name="java.vm.vendor" value="Oracle Corporation"/>
    <property name="sun.arch.data.model" value="64"/>
    <property name="user.variant" value=""/>
    <property name="java.vendor.url" value="https://openjdk.java.net/"/>
    <property name="user.timezone" value="Europe/Prague"/>
    <property name="java.vm.specification.version" value="11"/>
    <property name="os.name" value="Windows 10"/>
    <property name="sun.java.launcher" value="SUN_STANDARD"/>
    <property name="user.country" value="US"/>
    <property name="sun.boot.library.path" value="C:\Program Files\Java\jdk-11.0.13\bin"/>
    <property name="sun.java.command" value="C:\Users\vuksi\AppData\Local\Temp\surefire17010673247497958997\surefirebooter8981441583877333309.jar C:\Users\vuksi\AppData\Local\Temp\surefire17010673247497958997 2022-12-20T14-11-42_122-jvmRun1 surefire3751977369771871589tmp surefire_010462085534508466927tmp"/>
    <property name="jdk.debug" value="release"/>
    <property name="surefire.test.class.path" value="C:\Users\vuksi\IdeaProjects\ReqResAPITest_Project\target\test-classes;C:\Users\vuksi\IdeaProjects\ReqResAPITest_Project\target\classes;C:\Users\vuksi\.m2\repository\io\rest-assured\rest-assured\4.3.0\rest-assured-4.3.0.jar;C:\Users\vuksi\.m2\repository\org\codehaus\groovy\groovy\3.0.2\groovy-3.0.2.jar;C:\Users\vuksi\.m2\repository\org\codehaus\groovy\groovy-xml\3.0.2\groovy-xml-3.0.2.jar;C:\Users\vuksi\.m2\repository\org\apache\httpcomponents\httpclient\4.5.3\httpclient-4.5.3.jar;C:\Users\vuksi\.m2\repository\org\apache\httpcomponents\httpcore\4.4.6\httpcore-4.4.6.jar;C:\Users\vuksi\.m2\repository\commons-logging\commons-logging\1.2\commons-logging-1.2.jar;C:\Users\vuksi\.m2\repository\commons-codec\commons-codec\1.9\commons-codec-1.9.jar;C:\Users\vuksi\.m2\repository\org\apache\httpcomponents\httpmime\4.5.3\httpmime-4.5.3.jar;C:\Users\vuksi\.m2\repository\org\hamcrest\hamcrest\2.1\hamcrest-2.1.jar;C:\Users\vuksi\.m2\repository\org\ccil\cowan\tagsoup\tagsoup\1.2.1\tagsoup-1.2.1.jar;C:\Users\vuksi\.m2\repository\io\rest-assured\json-path\4.3.0\json-path-4.3.0.jar;C:\Users\vuksi\.m2\repository\org\codehaus\groovy\groovy-json\3.0.2\groovy-json-3.0.2.jar;C:\Users\vuksi\.m2\repository\io\rest-assured\rest-assured-common\4.3.0\rest-assured-common-4.3.0.jar;C:\Users\vuksi\.m2\repository\io\rest-assured\xml-path\4.3.0\xml-path-4.3.0.jar;C:\Users\vuksi\.m2\repository\org\apache\commons\commons-lang3\3.4\commons-lang3-3.4.jar;C:\Users\vuksi\.m2\repository\jakarta\xml\bind\jakarta.xml.bind-api\2.3.2\jakarta.xml.bind-api-2.3.2.jar;C:\Users\vuksi\.m2\repository\jakarta\activation\jakarta.activation-api\1.2.1\jakarta.activation-api-1.2.1.jar;C:\Users\vuksi\.m2\repository\com\sun\xml\bind\jaxb-osgi\2.3.0.1\jaxb-osgi-2.3.0.1.jar;C:\Users\vuksi\.m2\repository\org\apache\sling\org.apache.sling.javax.activation\0.1.0\org.apache.sling.javax.activation-0.1.0.jar;C:\Users\vuksi\.m2\repository\javax\activation\activation\1.1.1\activation-1.1.1.jar;C:\Users\vuksi\.m2\repository\com\googlecode\json-simple\json-simple\1.1.1\json-simple-1.1.1.jar;C:\Users\vuksi\.m2\repository\junit\junit\4.10\junit-4.10.jar;C:\Users\vuksi\.m2\repository\org\hamcrest\hamcrest-core\1.1\hamcrest-core-1.1.jar;C:\Users\vuksi\.m2\repository\org\testng\testng\7.4.0\testng-7.4.0.jar;C:\Users\vuksi\.m2\repository\com\beust\jcommander\1.78\jcommander-1.78.jar;C:\Users\vuksi\.m2\repository\org\webjars\jquery\3.5.1\jquery-3.5.1.jar;"/>
    <property name="sun.cpu.endian" value="little"/>
    <property name="user.home" value="C:\Users\vuksi"/>
    <property name="user.language" value="en"/>
    <property name="java.specification.vendor" value="Oracle Corporation"/>
    <property name="java.version.date" value="2021-10-19"/>
    <property name="java.home" value="C:\Program Files\Java\jdk-11.0.13"/>
    <property name="file.separator" value="\"/>
    <property name="basedir" value="C:\Users\vuksi\IdeaProjects\ReqResAPITest_Project"/>
    <property name="java.vm.compressedOopsMode" value="Zero based"/>
    <property name="line.separator" value="&#10;"/>
    <property name="java.specification.name" value="Java Platform API Specification"/>
    <property name="java.vm.specification.vendor" value="Oracle Corporation"/>
    <property name="java.awt.graphicsenv" value="sun.awt.Win32GraphicsEnvironment"/>
    <property name="surefire.real.class.path" value="C:\Users\vuksi\AppData\Local\Temp\surefire17010673247497958997\surefirebooter8981441583877333309.jar"/>
    <property name="user.script" value=""/>
    <property name="sun.management.compiler" value="HotSpot 64-Bit Tiered Compilers"/>
    <property name="java.runtime.version" value="11.0.13+10-LTS-370"/>
    <property name="user.name" value="vuksi"/>
    <property name="path.separator" value=";"/>
    <property name="os.version" value="10.0"/>
    <property name="java.runtime.name" value="Java(TM) SE Runtime Environment"/>
    <property name="file.encoding" value="Cp1252"/>
    <property name="java.vm.name" value="Java HotSpot(TM) 64-Bit Server VM"/>
    <property name="java.vendor.version" value="18.9"/>
    <property name="localRepository" value="C:\Users\vuksi\.m2\repository"/>
    <property name="java.vendor.url.bug" value="https://bugreport.java.com/bugreport/"/>
    <property name="java.io.tmpdir" value="C:\Users\vuksi\AppData\Local\Temp\"/>
    <property name="java.version" value="11.0.13"/>
    <property name="user.dir" value="C:\Users\vuksi\IdeaProjects\ReqResAPITest_Project"/>
    <property name="os.arch" value="amd64"/>
    <property name="java.vm.specification.name" value="Java Virtual Machine Specification"/>
    <property name="java.awt.printerjob" value="sun.awt.windows.WPrinterJob"/>
    <property name="sun.os.patch.level" value=""/>
    <property name="java.library.path" value="C:\Program Files\Java\jdk-11.0.13\bin;C:\WINDOWS\Sun\Java\bin;C:\WINDOWS\system32;C:\WINDOWS;C:\Program Files\Common Files\Oracle\Java\javapath;C:\WINDOWS\system32;C:\WINDOWS;C:\WINDOWS\System32\Wbem;C:\WINDOWS\System32\WindowsPowerShell\v1.0\;C:\WINDOWS\System32\OpenSSH\;C:\Program Files\Git\cmd;C:\apache-maven-3.8.6\bin;C:\Program Files\nodejs\;C:\gradle-7.6\bin;C:\Program Files\MySQL\MySQL Shell 8.0\bin\;C:\Users\vuksi\AppData\Local\Microsoft\WindowsApps;C:\Users\vuksi\AppData\Roaming\npm;."/>
    <property name="java.vendor" value="Oracle Corporation"/>
    <property name="java.vm.info" value="mixed mode"/>
    <property name="java.vm.version" value="11.0.13+10-LTS-370"/>
    <property name="sun.io.unicode.encoding" value="UnicodeLittle"/>
    <property name="java.class.version" value="55.0"/>
  </properties>
  <testcase name="validateResponseHeaders" classname="testCases.getTests.HTTP_GET_ListOfUsers_Tests" time="0.005"/>
  <testcase name="validateResponseTime" classname="testCases.getTests.HTTP_GET_ListOfUsers_Tests" time="0"/>
  <testcase name="validateStatusCode" classname="testCases.getTests.HTTP_GET_ListOfUsers_Tests" time="0"/>
  <testcase name="validateStatusLine" classname="testCases.getTests.HTTP_GET_ListOfUsers_Tests" time="0"/>
  <testcase name="validateResponseBody" classname="testCases.getTests.HTTP_GET_SingleUser_Tests" time="0.883"/>
  <testcase name="validateResponseHeaders" classname="testCases.getTests.HTTP_GET_SingleUser_Tests" time="0"/>
  <testcase name="validateResponseTime" classname="testCases.getTests.HTTP_GET_SingleUser_Tests" time="0.001"/>
  <testcase name="validateStatusCode" classname="testCases.getTests.HTTP_GET_SingleUser_Tests" time="0"/>
  <testcase name="validateStatusLine" classname="testCases.getTests.HTTP_GET_SingleUser_Tests" time="0"/>
  <testcase name="validateResponseHeaders" classname="testCases.getTests.HTTP_GET_SingleUserNotFound_Tests" time="0"/>
  <testcase name="validateResponseTime" classname="testCases.getTests.HTTP_GET_SingleUserNotFound_Tests" time="0"/>
  <testcase name="validateStatusCode" classname="testCases.getTests.HTTP_GET_SingleUserNotFound_Tests" time="0"/>
  <testcase name="validateStatusLine" classname="testCases.getTests.HTTP_GET_SingleUserNotFound_Tests" time="0.001"/>
  <testcase name="validateResponseBody" classname="testCases.postTests.HTTP_POST_CreateNewUser_Tests" time="0.036"/>
  <testcase name="validateResponseHeaders" classname="testCases.postTests.HTTP_POST_CreateNewUser_Tests" time="0"/>
  <testcase name="validateResponseTime" classname="testCases.postTests.HTTP_POST_CreateNewUser_Tests" time="0"/>
  <testcase name="validateStatusCode" classname="testCases.postTests.HTTP_POST_CreateNewUser_Tests" time="0.001"/>
  <testcase name="validateStatusLine" classname="testCases.postTests.HTTP_POST_CreateNewUser_Tests" time="0"/>
  <testcase name="validateResponseBody" classname="testCases.putTests.HTTP_PUT_UpdateUser_Tests" time="0.053"/>
  <testcase name="validateResponseHeaders" classname="testCases.putTests.HTTP_PUT_UpdateUser_Tests" time="0"/>
  <testcase name="validateResponseTime" classname="testCases.putTests.HTTP_PUT_UpdateUser_Tests" time="0"/>
  <testcase name="validateStatusCode" classname="testCases.putTests.HTTP_PUT_UpdateUser_Tests" time="0"/>
  <testcase name="validateStatusLine" classname="testCases.putTests.HTTP_PUT_UpdateUser_Tests" time="0.001"/>
  <testcase name="validateResponseBody" classname="testCases.patchTests.HTTP_PATCH_UpdateUserPartial_Tests" time="0.01"/>
  <testcase name="validateResponseHeaders" classname="testCases.patchTests.HTTP_PATCH_UpdateUserPartial_Tests" time="0"/>
  <testcase name="validateResponseTime" classname="testCases.patchTests.HTTP_PATCH_UpdateUserPartial_Tests" time="0"/>
  <testcase name="validateStatusCode" classname="testCases.patchTests.HTTP_PATCH_UpdateUserPartial_Tests" time="0.001"/>
  <testcase name="validateStatusLine" classname="testCases.patchTests.HTTP_PATCH_UpdateUserPartial_Tests" time="0"/>
  <testcase name="validateResponseHeaders" classname="testCases.deleteTests.HTTP_DELETE_RemoveUser_Tests" time="0"/>
  <testcase name="validateResponseTime" classname="testCases.deleteTests.HTTP_DELETE_RemoveUser_Tests" time="0"/>
  <testcase name="validateStatusCode" classname="testCases.deleteTests.HTTP_DELETE_RemoveUser_Tests" time="0"/>
  <testcase name="validateStatusLine" classname="testCases.deleteTests.HTTP_DELETE_RemoveUser_Tests" time="0"/>
  <testcase name="validateResponseBody" classname="testCases.postTests.HTTP_POST_RegisterSuccessful_Tests" time="0"/>
  <testcase name="validateResponseHeaders" classname="testCases.postTests.HTTP_POST_RegisterSuccessful_Tests" time="0"/>
  <testcase name="validateResponseTime" classname="testCases.postTests.HTTP_POST_RegisterSuccessful_Tests" time="0"/>
  <testcase name="validateStatusCode" classname="testCases.postTests.HTTP_POST_RegisterSuccessful_Tests" time="0.001"/>
  <testcase name="validateStatusLine" classname="testCases.postTests.HTTP_POST_RegisterSuccessful_Tests" time="0.001"/>
  <testcase name="validateResponseBody" classname="testCases.postTests.HTTP_POST_RegisterUnsuccessful_Tests" time="0.025"/>
  <testcase name="validateResponseHeaders" classname="testCases.postTests.HTTP_POST_RegisterUnsuccessful_Tests" time="0.001"/>
  <testcase name="validateResponseTime" classname="testCases.postTests.HTTP_POST_RegisterUnsuccessful_Tests" time="0"/>
  <testcase name="validateStatusCode" classname="testCases.postTests.HTTP_POST_RegisterUnsuccessful_Tests" time="0"/>
  <testcase name="validateStatusLine" classname="testCases.postTests.HTTP_POST_RegisterUnsuccessful_Tests" time="0.001"/>
  <testcase name="validateResponseBody" classname="testCases.postTests.HTTP_POST_LoginSuccessful_Tests" time="0"/>
  <testcase name="validateResponseHeaders" classname="testCases.postTests.HTTP_POST_LoginSuccessful_Tests" time="0.001"/>
  <testcase name="validateResponseTime" classname="testCases.postTests.HTTP_POST_LoginSuccessful_Tests" time="0"/>
  <testcase name="validateStatusCode" classname="testCases.postTests.HTTP_POST_LoginSuccessful_Tests" time="0"/>
  <testcase name="validateStatusLine" classname="testCases.postTests.HTTP_POST_LoginSuccessful_Tests" time="0"/>
  <testcase name="validateResponseBody" classname="testCases.postTests.HTTP_POST_LoginUnsuccessful_Tests" time="0.024"/>
  <testcase name="validateResponseHeaders" classname="testCases.postTests.HTTP_POST_LoginUnsuccessful_Tests" time="0.001"/>
  <testcase name="validateResponseTime" classname="testCases.postTests.HTTP_POST_LoginUnsuccessful_Tests" time="0.001"/>
  <testcase name="validateStatusCode" classname="testCases.postTests.HTTP_POST_LoginUnsuccessful_Tests" time="0"/>
  <testcase name="validateStatusLine" classname="testCases.postTests.HTTP_POST_LoginUnsuccessful_Tests" time="0"/>
</testsuite>