<?xml version="1.0" encoding="UTF-8"?>
<!-- Generated by org.testng.reporters.JUnitReportReporter -->
<testsuite hostname="DESKTOP-NDR2GDP" failures="0" tests="4" name="testCases.getTests.HTTP_GET_ListOfUsers_Tests" time="0.008" errors="0" timestamp="2022-12-20T14:10:37 CET" skipped="0">
  <testcase classname="testCases.getTests.HTTP_GET_ListOfUsers_Tests" name="validateResponseHeaders" time="0.004"/>
  <system-out/>
  <testcase classname="testCases.getTests.HTTP_GET_ListOfUsers_Tests" name="validateStatusLine" time="0.001"/>
  <system-out/>
  <testcase classname="testCases.getTests.HTTP_GET_ListOfUsers_Tests" name="validateStatusCode" time="0.001"/>
  <system-out/>
  <testcase classname="testCases.getTests.HTTP_GET_ListOfUsers_Tests" name="validateResponseTime" time="0.002"/>
  <system-out/>
</testsuite> <!-- testCases.getTests.HTTP_GET_ListOfUsers_Tests -->
