<?xml version="1.0" encoding="UTF-8"?>
<!-- Generated by org.testng.reporters.JUnitReportReporter -->
<testsuite hostname="DESKTOP-NDR2GDP" failures="0" tests="4" name="testCases.deleteTests.HTTP_DELETE_RemoveUser_Tests" time="0.002" errors="0" timestamp="2022-12-20T14:10:37 CET" skipped="0">
  <testcase classname="testCases.deleteTests.HTTP_DELETE_RemoveUser_Tests" name="validateStatusLine" time="0.000"/>
  <system-out/>
  <testcase classname="testCases.deleteTests.HTTP_DELETE_RemoveUser_Tests" name="validateResponseHeaders" time="0.001"/>
  <system-out/>
  <testcase classname="testCases.deleteTests.HTTP_DELETE_RemoveUser_Tests" name="validateStatusCode" time="0.001"/>
  <system-out/>
  <testcase classname="testCases.deleteTests.HTTP_DELETE_RemoveUser_Tests" name="validateResponseTime" time="0.000"/>
  <system-out/>
</testsuite> <!-- testCases.deleteTests.HTTP_DELETE_RemoveUser_Tests -->
