<?xml version="1.0" encoding="UTF-8"?>
<!-- Generated by org.testng.reporters.JUnitReportReporter -->
<testsuite hostname="DESKTOP-NDR2GDP" failures="0" tests="5" name="testCases.putTests.HTTP_PUT_UpdateUser_Tests" time="0.057" errors="0" timestamp="2022-12-24T18:22:49 CET" skipped="0">
  <testcase classname="testCases.putTests.HTTP_PUT_UpdateUser_Tests" name="validateStatusLine" time="0.001"/>
  <system-out/>
  <testcase classname="testCases.putTests.HTTP_PUT_UpdateUser_Tests" name="validateStatusCode" time="0.002"/>
  <system-out/>
  <testcase classname="testCases.putTests.HTTP_PUT_UpdateUser_Tests" name="validateResponseHeaders" time="0.004"/>
  <system-out/>
  <testcase classname="testCases.putTests.HTTP_PUT_UpdateUser_Tests" name="validateResponseBody" time="0.048"/>
  <system-out/>
  <testcase classname="testCases.putTests.HTTP_PUT_UpdateUser_Tests" name="validateResponseTime" time="0.002"/>
  <system-out/>
</testsuite> <!-- testCases.putTests.HTTP_PUT_UpdateUser_Tests -->
