<?xml version="1.0" encoding="UTF-8"?>
<!-- Generated by org.testng.reporters.JUnitReportReporter -->
<testsuite hostname="DESKTOP-NDR2GDP" failures="0" tests="5" name="testCases.postTests.HTTP_POST_RegisterUnsuccessful_Tests" time="0.027" errors="0" timestamp="2022-12-20T14:11:50 CET" skipped="0">
  <testcase classname="testCases.postTests.HTTP_POST_RegisterUnsuccessful_Tests" name="validateResponseHeaders" time="0.001"/>
  <system-out/>
  <testcase classname="testCases.postTests.HTTP_POST_RegisterUnsuccessful_Tests" name="validateStatusLine" time="0.000"/>
  <system-out/>
  <testcase classname="testCases.postTests.HTTP_POST_RegisterUnsuccessful_Tests" name="validateResponseTime" time="0.000"/>
  <system-out/>
  <testcase classname="testCases.postTests.HTTP_POST_RegisterUnsuccessful_Tests" name="validateResponseBody" time="0.025"/>
  <system-out/>
  <testcase classname="testCases.postTests.HTTP_POST_RegisterUnsuccessful_Tests" name="validateStatusCode" time="0.001"/>
  <system-out/>
</testsuite> <!-- testCases.postTests.HTTP_POST_RegisterUnsuccessful_Tests -->
