<?xml version="1.0" encoding="UTF-8"?>
<!-- Generated by org.testng.reporters.JUnitReportReporter -->
<testsuite hostname="DESKTOP-NDR2GDP" failures="0" tests="4" name="testCases.getTests.HTTP_GET_ListOfUsers_Tests" time="0.023" errors="0" timestamp="2022-12-26T20:26:06 CET" skipped="0">
  <testcase classname="testCases.getTests.HTTP_GET_ListOfUsers_Tests" name="validateResponseHeaders" time="0.018"/>
  <system-out/>
  <testcase classname="testCases.getTests.HTTP_GET_ListOfUsers_Tests" name="validateStatusCode" time="0.003"/>
  <system-out/>
  <testcase classname="testCases.getTests.HTTP_GET_ListOfUsers_Tests" name="validateResponseTime" time="0.001"/>
  <system-out/>
  <testcase classname="testCases.getTests.HTTP_GET_ListOfUsers_Tests" name="validateStatusLine" time="0.001"/>
  <system-out/>
</testsuite> <!-- testCases.getTests.HTTP_GET_ListOfUsers_Tests -->
